#
# There is insufficient memory for the Java Runtime Environment to continue.
# Native memory allocation (malloc) failed to allocate 1024 bytes for SymbolHashMapBucket in c:\build_area\jdk6_34\hotspot\src\share\vm\oops/constantPoolOop.hpp
# Possible reasons:
#   The system is out of physical RAM or swap space
#   In 32 bit mode, the process size limit was hit
# Possible solutions:
#   Reduce memory load on the system
#   Increase physical memory or swap space
#   Check if swap backing store is full
#   Use 64 bit Java on a 64 bit OS
#   Decrease Java heap size (-Xmx/-Xms)
#   Decrease number of Java threads
#   Decrease Java thread stack sizes (-Xss)
#   Set larger code cache with -XX:ReservedCodeCacheSize=
# This output file may be truncated or incomplete.
#
#  Out of Memory Error (memory/allocation.inline.hpp:44), pid=3296, tid=3452
#
# JRE version: 6.0_34-b04
# Java VM: Java HotSpot(TM) Client VM (20.9-b04 mixed mode, sharing windows-x86 )

---------------  T H R E A D  ---------------

Current thread (0x04948800):  JavaThread "_jprofiler_comm_java" daemon [_thread_in_vm, id=3452, stack(0x04c40000,0x04c90000)]

Stack: [0x04c40000,0x04c90000],  sp=0x04c8b564,  free space=301k
Native frames: (J=compiled Java code, j=interpreted, Vv=VM code, C=native code)
V  [jvm.dll+0x133d0a]
V  [jvm.dll+0x12ea4c]
V  [jvm.dll+0xc25fc]
V  [jvm.dll+0xc3a79]
V  [jvm.dll+0xc3acf]
V  [jvm.dll+0xc3e97]
V  [jvm.dll+0x19409e]
C  [jprofilerti.dll+0x38937]  Agent_OnAttach+0x27b47

Java frames: (J=compiled Java code, j=interpreted, Vv=VM code)
j  com.jprofiler.agent.Agent.enterCommunication(Ljava/lang/Object;I)V+0
j  com.jprofiler.agent.Agent.access$000(Ljava/lang/Object;I)V+2
j  com.jprofiler.agent.Agent$2.run()V+4
v  ~StubRoutines::call_stub

---------------  P R O C E S S  ---------------

Java Threads: ( => current thread )
  0x04a8bc00 JavaThread "_jprofiler_control_sampler" daemon [_thread_blocked, id=1768, stack(0x052a0000,0x052f0000)]
  0x00ce7000 JavaThread "_jprofiler_native_sampler" daemon [_thread_in_native, id=3252, stack(0x05180000,0x051d0000)]
  0x04948c00 JavaThread "_jprofiler_sampler" daemon [_thread_blocked, id=2348, stack(0x04ef0000,0x04f40000)]
=>0x04948800 JavaThread "_jprofiler_comm_java" daemon [_thread_in_vm, id=3452, stack(0x04c40000,0x04c90000)]
  0x00d3f800 JavaThread "DestroyJavaVM" [_thread_blocked, id=3020, stack(0x00290000,0x002e0000)]
  0x0493fc00 JavaThread "NioDatagramAcceptor-1" [_thread_in_native, id=3708, stack(0x04bb0000,0x04c00000)]
  0x04951c00 JavaThread "TimerQueue" daemon [_thread_blocked, id=3324, stack(0x04b20000,0x04b70000)]
  0x00c68800 JavaThread "Low Memory Detector" daemon [_thread_blocked, id=1444, stack(0x04800000,0x04850000)]
  0x00c67000 JavaThread "C1 CompilerThread0" daemon [_thread_blocked, id=3076, stack(0x04770000,0x047c0000)]
  0x00c62800 JavaThread "Attach Listener" daemon [_thread_blocked, id=3804, stack(0x046e0000,0x04730000)]
  0x00c5f800 JavaThread "Signal Dispatcher" daemon [_thread_blocked, id=2796, stack(0x04650000,0x046a0000)]
  0x00c58800 JavaThread "Finalizer" daemon [_thread_blocked, id=3304, stack(0x045c0000,0x04610000)]
  0x00c53400 JavaThread "Reference Handler" daemon [_thread_blocked, id=3388, stack(0x04530000,0x04580000)]

Other Threads:
  0x00c16c00 VMThread [stack: 0x044a0000,0x044f0000] [id=3240]
  0x00c8a000 WatcherThread [stack: 0x04890000,0x048e0000] [id=3464]

VM state:not at safepoint (normal execution)

VM Mutex/Monitor currently owned by a thread: None

Heap
 def new generation   total 4928K, used 1089K [0x24330000, 0x24880000, 0x29880000)
  eden space 4416K,  13% used [0x24330000, 0x243c9760, 0x24780000)
  from space 512K,  92% used [0x24800000, 0x24876cb8, 0x24880000)
  to   space 512K,   0% used [0x24780000, 0x24780000, 0x24800000)
 tenured generation   total 10944K, used 0K [0x29880000, 0x2a330000, 0x34330000)
   the space 10944K,   0% used [0x29880000, 0x29880000, 0x29880200, 0x2a330000)
 compacting perm gen  total 12288K, used 2647K [0x34330000, 0x34f30000, 0x38330000)
   the space 12288K,  21% used [0x34330000, 0x345c5d28, 0x345c5e00, 0x34f30000)
    ro space 10240K,  54% used [0x38330000, 0x388af558, 0x388af600, 0x38d30000)
    rw space 12288K,  55% used [0x38d30000, 0x393d32a8, 0x393d3400, 0x39930000)

Code Cache  [0x02460000, 0x02500000, 0x04460000)
 total_blobs=234 nmethods=87 adapters=83 free_code_cache=32923968 largest_free_block=0

Dynamic libraries:
0x00400000 - 0x00425000 	C:\Program Files (x86)\Java\jdk1.6.0_34\bin\java.exe
0x77090000 - 0x77210000 	C:\Windows\SysWOW64\ntdll.dll
0x750a0000 - 0x751b0000 	C:\Windows\syswow64\kernel32.dll
0x75d60000 - 0x75da7000 	C:\Windows\syswow64\KERNELBASE.dll
0x74f70000 - 0x75010000 	C:\Windows\syswow64\ADVAPI32.dll
0x76bd0000 - 0x76c7c000 	C:\Windows\syswow64\msvcrt.dll
0x754b0000 - 0x754c9000 	C:\Windows\SysWOW64\sechost.dll
0x751b0000 - 0x752a0000 	C:\Windows\syswow64\RPCRT4.dll
0x74ba0000 - 0x74c00000 	C:\Windows\syswow64\SspiCli.dll
0x74b90000 - 0x74b9c000 	C:\Windows\syswow64\CRYPTBASE.dll
0x7c340000 - 0x7c396000 	C:\Program Files (x86)\Java\jdk1.6.0_34\jre\bin\msvcr71.dll
0x6d8c0000 - 0x6db6f000 	C:\Program Files (x86)\Java\jdk1.6.0_34\jre\bin\client\jvm.dll
0x75e50000 - 0x75f50000 	C:\Windows\syswow64\USER32.dll
0x754d0000 - 0x75560000 	C:\Windows\syswow64\GDI32.dll
0x77060000 - 0x7706a000 	C:\Windows\syswow64\LPK.dll
0x75db0000 - 0x75e4d000 	C:\Windows\syswow64\USP10.dll
0x73580000 - 0x735b2000 	C:\Windows\system32\WINMM.dll
0x75d00000 - 0x75d60000 	C:\Windows\system32\IMM32.DLL
0x75910000 - 0x759dc000 	C:\Windows\syswow64\MSCTF.dll
0x74a40000 - 0x74a8c000 	C:\Windows\system32\apphelp.dll
0x6d870000 - 0x6d87c000 	C:\Program Files (x86)\Java\jdk1.6.0_34\jre\bin\verify.dll
0x6d3d0000 - 0x6d3ef000 	C:\Program Files (x86)\Java\jdk1.6.0_34\jre\bin\java.dll
0x6d8b0000 - 0x6d8bf000 	C:\Program Files (x86)\Java\jdk1.6.0_34\jre\bin\zip.dll
0x6d6b0000 - 0x6d6c3000 	C:\Program Files (x86)\Java\jdk1.6.0_34\jre\bin\net.dll
0x759e0000 - 0x75a15000 	C:\Windows\syswow64\WS2_32.dll
0x75900000 - 0x75906000 	C:\Windows\syswow64\NSI.dll
0x73340000 - 0x7337c000 	C:\Windows\system32\mswsock.dll
0x731c0000 - 0x731c6000 	C:\Windows\System32\wship6.dll
0x6d6d0000 - 0x6d6d9000 	C:\Program Files (x86)\Java\jdk1.6.0_34\jre\bin\nio.dll
0x73400000 - 0x73417000 	C:\Windows\system32\CRYPTSP.dll
0x733c0000 - 0x733fb000 	C:\Windows\system32\rsaenh.dll
0x74ab0000 - 0x74ac7000 	C:\Windows\system32\USERENV.dll
0x74aa0000 - 0x74aab000 	C:\Windows\system32\profapi.dll
0x73300000 - 0x73305000 	C:\Windows\System32\wshtcpip.dll
0x10000000 - 0x1012b000 	C:\Program Files (x86)\jprofiler7\bin\windows\jprofilerti.dll
0x6d600000 - 0x6d609000 	C:\Program Files (x86)\Java\jdk1.6.0_34\jre\bin\management.dll
0x755b0000 - 0x755b5000 	C:\Windows\system32\PSAPI.DLL

VM Arguments:
java_command: com.cngeeker.rainbowcore.server.demo.ServerLauncherImpl
Launcher Type: SUN_STANDARD

Environment Variables:
JAVA_HOME=C:\Program Files (x86)\Java\jdk1.6.0_34
CLASSPATH=C:\Program Files (x86)\Java\jdk1.6.0_34\jre\lib\rt.jar;.
PATH=C:\Windows\system32;C:\Windows;C:\Windows\System32\Wbem;C:\Windows\System32\WindowsPowerShell\v1.0\;C:\Program Files (x86)\Microsoft SQL Server\80\Tools\Binn\;C:\Program Files\Microsoft SQL Server\90\DTS\Binn\;C:\Program Files\Microsoft SQL Server\90\Tools\binn\;C:\Program Files (x86)\Microsoft SQL Server\90\Tools\binn\;C:\Program Files (x86)\Microsoft SQL Server\90\DTS\Binn\;C:\Program Files (x86)\Microsoft SQL Server\90\Tools\Binn\VSShell\Common7\IDE\;C:\Program Files (x86)\Microsoft Visual Studio 8\Common7\IDE\PrivateAssemblies\;C:\Program Files (x86)\Java\jdk1.6.0_34\bin
USERNAME=Administrator
OS=Windows_NT
PROCESSOR_IDENTIFIER=Intel64 Family 6 Model 45 Stepping 7, GenuineIntel



---------------  S Y S T E M  ---------------

OS: Windows NT 6.1 , 64 bit Build 7601 Service Pack 1

CPU:total 1 (32 cores per cpu, 2 threads per core) family 6 model 45 stepping 7, cmov, cx8, fxsr, mmx, sse, sse2, sse3, ssse3, sse4.1, sse4.2, popcnt, ht

Memory: 4k page, physical 1048184k(264724k free), swap 1048184k(104220k free)

vm_info: Java HotSpot(TM) Client VM (20.9-b04) for windows-x86 JRE (1.6.0_34-b04), built on Jul 19 2012 00:46:28 by "java_re" with MS VC++ 7.1 (VS2003)

time: Sun Aug 30 14:02:01 2015
elapsed time: 64 seconds

