#
# A fatal error has been detected by the Java Runtime Environment:
#
#  EXCEPTION_STACK_OVERFLOW (0xc00000fd) at pc=0x6d9ba893, pid=3804, tid=2876
#
# JRE version: 6.0_34-b04
# Java VM: Java HotSpot(TM) Client VM (20.9-b04 mixed mode, sharing windows-x86 )
# Problematic frame:
# V  [jvm.dll+0xfa893]
#
# If you would like to submit a bug report, please visit:
#   http://java.sun.com/webapps/bugreport/crash.jsp
#

---------------  T H R E A D  ---------------

Current thread (0x004eec00):  JavaThread "AWT-EventQueue-0" [_thread_in_vm, id=2876, stack(0x05420000,0x05470000)]

siginfo: ExceptionCode=0xc00000fd, ExceptionInformation=0x00000001 0x0546dadc 

Registers:
EAX=0x00002000, EBX=0x004bd140, ECX=0x0546dadc, EDX=0x05426058
ESP=0x0546fae8, EBP=0x0546fb44, ESI=0x00000002, EDI=0x0546fadc
EIP=0x6d9ba893, EFLAGS=0x00010202

Top of Stack: (sp=0x0546fae8)
0x0546fae8:   004bd150 004eec00 6d9bb013 004bd140
0x0546faf8:   004eec00 00000000 0546fb44 6d90d0a1
0x0546fb08:   004bd144 004bd148 004bd14c 004bd150
0x0546fb18:   00000005 004eec00 004bd144 004eec00
0x0546fb28:   00000000 00000000 00000000 00000000
0x0546fb38:   0546fc6c 0000000a 004bd140 0546fb88
0x0546fb48:   6da4c901 0546fc64 0046fbe0 0546fbe4
0x0546fb58:   022f9280 004bd140 004eec00 00000000 

Instructions: (pc=0x6d9ba893)
0x6d9ba873:   89 1b 04 00 8b f8 a1 30 5f b2 6d be 01 00 00 00
0x6d9ba883:   3b c6 7c 1c e8 54 2d 04 00 0f af c6 8b cf 2b c8
0x6d9ba893:   c7 01 00 00 00 00 a1 30 5f b2 6d 46 3b f0 7e e4
0x6d9ba8a3:   5f 5e c3 cc cc cc cc cc cc cc cc cc cc 55 8b ec 


Register to memory mapping:

EAX=0x00002000 is an unknown value
EBX=0x004bd140 is an unknown value
ECX=0x0546dadc is pointing into the stack for thread: 0x004eec00
EDX=0x05426058 is pointing into the stack for thread: 0x004eec00
ESP=0x0546fae8 is pointing into the stack for thread: 0x004eec00
EBP=0x0546fb44 is pointing into the stack for thread: 0x004eec00
ESI=0x00000002 is an unknown value
EDI=0x0546fadc is pointing into the stack for thread: 0x004eec00


Stack: [0x05420000,0x05470000],  sp=0x0546fae8,  free space=318k
Native frames: (J=compiled Java code, j=interpreted, Vv=VM code, C=native code)
V  [jvm.dll+0xfa893]
V  [jvm.dll+0x18c901]
V  [jvm.dll+0xfb201]
V  [jvm.dll+0xfb25b]
V  [jvm.dll+0xb5619]
V  [jvm.dll+0x119334]
V  [jvm.dll+0x14158c]
C  [msvcr71.dll+0x9565]
C  [kernel32.dll+0x1336a]
C  [ntdll.dll+0x392b2]
C  [ntdll.dll+0x39285]


---------------  P R O C E S S  ---------------

Java Threads: ( => current thread )
=>0x004eec00 JavaThread "AWT-EventQueue-0" [_thread_in_vm, id=2876, stack(0x05420000,0x05470000)]
  0x0497dc00 JavaThread "AWT-Shutdown" [_thread_blocked, id=748, stack(0x05200000,0x05250000)]
  0x0043b400 JavaThread "AWT-Windows" daemon [_thread_in_native, id=2352, stack(0x05290000,0x052e0000)]
  0x00510000 JavaThread "Java2D Disposer" daemon [_thread_blocked, id=992, stack(0x05130000,0x05180000)]
  0x04974400 JavaThread "ExpiringMapExpirer-2" daemon [_thread_blocked, id=3120, stack(0x04c30000,0x04c80000)]
  0x0056f800 JavaThread "DestroyJavaVM" [_thread_blocked, id=1944, stack(0x003a0000,0x003f0000)]
  0x04921400 JavaThread "NioDatagramAcceptor-1" [_thread_in_native, id=2776, stack(0x04ba0000,0x04bf0000)]
  0x0491d000 JavaThread "TimerQueue" daemon [_thread_blocked, id=2440, stack(0x04b10000,0x04b60000)]
  0x004aa000 JavaThread "Low Memory Detector" daemon [_thread_blocked, id=1676, stack(0x047d0000,0x04820000)]
  0x004a5800 JavaThread "C1 CompilerThread0" daemon [_thread_blocked, id=3500, stack(0x04740000,0x04790000)]
  0x004a4800 JavaThread "Attach Listener" daemon [_thread_blocked, id=3880, stack(0x046b0000,0x04700000)]
  0x004a1800 JavaThread "Signal Dispatcher" daemon [_thread_blocked, id=2412, stack(0x04620000,0x04670000)]
  0x00498400 JavaThread "Finalizer" daemon [_thread_blocked, id=3384, stack(0x04590000,0x045e0000)]
  0x00493400 JavaThread "Reference Handler" daemon [_thread_blocked, id=3288, stack(0x04500000,0x04550000)]

Other Threads:
  0x00456c00 VMThread [stack: 0x04470000,0x044c0000] [id=3640]
  0x004dcc00 WatcherThread [stack: 0x04860000,0x048b0000] [id=3912]

VM state:not at safepoint (normal execution)

VM Mutex/Monitor currently owned by a thread: None

Heap
 def new generation   total 15168K, used 960K [0x24330000, 0x253a0000, 0x29880000)
  eden space 13504K,   6% used [0x24330000, 0x24418aa8, 0x25060000)
  from space 1664K,   1% used [0x25200000, 0x252077e8, 0x253a0000)
  to   space 1664K,   0% used [0x25060000, 0x25060000, 0x25200000)
 tenured generation   total 33524K, used 17315K [0x29880000, 0x2b93d000, 0x34330000)
   the space 33524K,  51% used [0x29880000, 0x2a968ea8, 0x2a969000, 0x2b93d000)
 compacting perm gen  total 12288K, used 2315K [0x34330000, 0x34f30000, 0x38330000)
   the space 12288K,  18% used [0x34330000, 0x34572f80, 0x34573000, 0x34f30000)
    ro space 10240K,  54% used [0x38330000, 0x388af558, 0x388af600, 0x38d30000)
    rw space 12288K,  55% used [0x38d30000, 0x393d32a8, 0x393d3400, 0x39930000)

Code Cache  [0x022f0000, 0x024a8000, 0x042f0000)
 total_blobs=1084 nmethods=914 adapters=105 free_code_cache=31774592 largest_free_block=0

Dynamic libraries:
0x00400000 - 0x00425000 	C:\Program Files (x86)\Java\jdk1.6.0_34\bin\java.exe
0x77090000 - 0x77210000 	C:\Windows\SysWOW64\ntdll.dll
0x750a0000 - 0x751b0000 	C:\Windows\syswow64\kernel32.dll
0x75d60000 - 0x75da7000 	C:\Windows\syswow64\KERNELBASE.dll
0x74f70000 - 0x75010000 	C:\Windows\syswow64\ADVAPI32.dll
0x76bd0000 - 0x76c7c000 	C:\Windows\syswow64\msvcrt.dll
0x754b0000 - 0x754c9000 	C:\Windows\SysWOW64\sechost.dll
0x751b0000 - 0x752a0000 	C:\Windows\syswow64\RPCRT4.dll
0x74ba0000 - 0x74c00000 	C:\Windows\syswow64\SspiCli.dll
0x74b90000 - 0x74b9c000 	C:\Windows\syswow64\CRYPTBASE.dll
0x7c340000 - 0x7c396000 	C:\Program Files (x86)\Java\jdk1.6.0_34\jre\bin\msvcr71.dll
0x6d8c0000 - 0x6db6f000 	C:\Program Files (x86)\Java\jdk1.6.0_34\jre\bin\client\jvm.dll
0x75e50000 - 0x75f50000 	C:\Windows\syswow64\USER32.dll
0x754d0000 - 0x75560000 	C:\Windows\syswow64\GDI32.dll
0x77060000 - 0x7706a000 	C:\Windows\syswow64\LPK.dll
0x75db0000 - 0x75e4d000 	C:\Windows\syswow64\USP10.dll
0x73580000 - 0x735b2000 	C:\Windows\system32\WINMM.dll
0x75d00000 - 0x75d60000 	C:\Windows\system32\IMM32.DLL
0x75910000 - 0x759dc000 	C:\Windows\syswow64\MSCTF.dll
0x74a40000 - 0x74a8c000 	C:\Windows\system32\apphelp.dll
0x6d870000 - 0x6d87c000 	C:\Program Files (x86)\Java\jdk1.6.0_34\jre\bin\verify.dll
0x6d3d0000 - 0x6d3ef000 	C:\Program Files (x86)\Java\jdk1.6.0_34\jre\bin\java.dll
0x6d8b0000 - 0x6d8bf000 	C:\Program Files (x86)\Java\jdk1.6.0_34\jre\bin\zip.dll
0x6d6b0000 - 0x6d6c3000 	C:\Program Files (x86)\Java\jdk1.6.0_34\jre\bin\net.dll
0x759e0000 - 0x75a15000 	C:\Windows\syswow64\WS2_32.dll
0x75900000 - 0x75906000 	C:\Windows\syswow64\NSI.dll
0x73340000 - 0x7337c000 	C:\Windows\system32\mswsock.dll
0x731c0000 - 0x731c6000 	C:\Windows\System32\wship6.dll
0x6d6d0000 - 0x6d6d9000 	C:\Program Files (x86)\Java\jdk1.6.0_34\jre\bin\nio.dll
0x73400000 - 0x73417000 	C:\Windows\system32\CRYPTSP.dll
0x733c0000 - 0x733fb000 	C:\Windows\system32\rsaenh.dll
0x74ab0000 - 0x74ac7000 	C:\Windows\system32\USERENV.dll
0x74aa0000 - 0x74aab000 	C:\Windows\system32\profapi.dll
0x73300000 - 0x73305000 	C:\Windows\System32\wshtcpip.dll
0x6d0b0000 - 0x6d1fc000 	C:\Program Files (x86)\Java\jdk1.6.0_34\jre\bin\awt.dll
0x71a90000 - 0x71ae1000 	C:\Windows\system32\WINSPOOL.DRV
0x74db0000 - 0x74f0c000 	C:\Windows\syswow64\ole32.dll
0x71bb0000 - 0x71d4e000 	C:\Windows\WinSxS\x86_microsoft.windows.common-controls_6595b64144ccf1df_6.0.7601.17514_none_41e6975e2bd6f2b2\COMCTL32.dll
0x74c90000 - 0x74ce7000 	C:\Windows\syswow64\SHLWAPI.dll
0x719c0000 - 0x719d3000 	C:\Windows\system32\DWMAPI.DLL
0x755b0000 - 0x755b5000 	C:\Windows\system32\PSAPI.DLL

VM Arguments:
java_command: com.cngeeker.rainbowcore.server.demo.ServerLauncherImpl
Launcher Type: SUN_STANDARD

Environment Variables:
JAVA_HOME=C:\Program Files (x86)\Java\jdk1.6.0_34
PATH=C:\Windows\system32;C:\Windows;C:\Windows\System32\Wbem;C:\Windows\System32\WindowsPowerShell\v1.0\;C:\Program Files (x86)\Microsoft SQL Server\80\Tools\Binn\;C:\Program Files\Microsoft SQL Server\90\DTS\Binn\;C:\Program Files\Microsoft SQL Server\90\Tools\binn\;C:\Program Files (x86)\Microsoft SQL Server\90\Tools\binn\;C:\Program Files (x86)\Microsoft SQL Server\90\DTS\Binn\;C:\Program Files (x86)\Microsoft SQL Server\90\Tools\Binn\VSShell\Common7\IDE\;C:\Program Files (x86)\Microsoft Visual Studio 8\Common7\IDE\PrivateAssemblies\
USERNAME=Administrator
OS=Windows_NT
PROCESSOR_IDENTIFIER=Intel64 Family 6 Model 45 Stepping 7, GenuineIntel



---------------  S Y S T E M  ---------------

OS: Windows NT 6.1 , 64 bit Build 7601 Service Pack 1

CPU:total 1 (32 cores per cpu, 2 threads per core) family 6 model 45 stepping 7, cmov, cx8, fxsr, mmx, sse, sse2, sse3, ssse3, sse4.1, sse4.2, popcnt, ht

Memory: 4k page, physical 1048184k(188920k free), swap 1048184k(3592k free)

vm_info: Java HotSpot(TM) Client VM (20.9-b04) for windows-x86 JRE (1.6.0_34-b04), built on Jul 19 2012 00:46:28 by "java_re" with MS VC++ 7.1 (VS2003)

time: Sun Aug 30 13:53:10 2015
elapsed time: 7041 seconds

